{
  "RSpec": {
    "coverage": {
      "/work/lib/apricity.rb": {
        "lines": [
          null,
          null,
          1,
          1,
          1,
          1,
          1,
          1,
          1,
          null,
          1,
          1,
          1,
          1,
          1,
          1,
          1,
          1,
          1,
          1,
          1,
          1,
          1,
          1,
          1,
          1,
          null,
          null,
          null,
          null,
          null,
          null,
          1,
          1,
          1,
          null,
          1,
          0,
          null,
          null,
          1,
          1,
          null
        ]
      },
      "/work/lib/apricity/configuration.rb": {
        "lines": [
          null,
          null,
          1,
          null,
          1,
          1,
          null,
          1,
          1,
          1,
          1,
          null,
          null,
          1,
          null,
          1,
          82,
          null,
          null,
          null
        ]
      },
      "/work/lib/apricity/model.rb": {
        "lines": [
          null,
          null,
          1,
          1,
          1,
          1,
          1,
          1,
          1,
          1,
          1,
          1,
          1,
          1,
          1,
          1,
          1,
          1,
          1
        ]
      },
      "/work/lib/apricity/model/action.rb": {
        "lines": [
          null,
          null,
          1,
          1,
          1,
          5,
          null,
          null,
          null
        ]
      },
      "/work/lib/apricity/model/condition.rb": {
        "lines": [
          null,
          null,
          1,
          1,
          1,
          null,
          null
        ]
      },
      "/work/lib/apricity/model/container.rb": {
        "lines": [
          null,
          null,
          1,
          1,
          1,
          1,
          null,
          null,
          null
        ]
      },
      "/work/lib/apricity/model/environment.rb": {
        "lines": [
          null,
          null,
          1,
          1,
          1,
          null,
          null
        ]
      },
      "/work/lib/apricity/model/input.rb": {
        "lines": [
          null,
          null,
          1,
          1,
          1,
          null,
          null
        ]
      },
      "/work/lib/apricity/model/job.rb": {
        "lines": [
          null,
          null,
          1,
          1,
          1,
          null,
          null,
          null,
          null,
          null,
          1,
          null,
          null,
          null,
          null,
          null,
          null,
          null,
          null,
          null,
          null,
          null,
          null,
          114,
          null,
          null,
          null,
          1,
          null,
          null,
          null
        ]
      },
      "/work/lib/apricity/model/location.rb": {
        "lines": [
          null,
          null,
          1,
          1,
          1,
          null,
          null
        ]
      },
      "/work/lib/apricity/model/mount.rb": {
        "lines": [
          null,
          null,
          1,
          1,
          1,
          null,
          null
        ]
      },
      "/work/lib/apricity/model/output.rb": {
        "lines": [
          null,
          null,
          1,
          1,
          1,
          1,
          50,
          50,
          null,
          null,
          null,
          null
        ]
      },
      "/work/lib/apricity/model/pipeline.rb": {
        "lines": [
          null,
          null,
          1,
          1,
          1,
          1,
          60,
          null,
          null,
          1,
          5,
          null,
          18,
          null,
          1,
          19,
          19,
          19,
          null,
          null,
          1,
          null,
          4,
          null,
          4,
          null,
          null,
          null,
          null
        ]
      },
      "/work/lib/apricity/model/plugin.rb": {
        "lines": [
          null,
          null,
          1,
          1,
          1,
          1,
          null,
          1,
          null,
          null,
          null
        ]
      },
      "/work/lib/apricity/model/script.rb": {
        "lines": [
          null,
          null,
          1,
          1,
          1,
          1,
          null,
          null,
          null
        ]
      },
      "/work/lib/apricity/model/service.rb": {
        "lines": [
          null,
          null,
          1,
          1,
          1,
          null,
          1,
          null,
          null,
          null,
          null,
          null,
          null,
          6,
          null,
          null,
          null,
          null
        ]
      },
      "/work/lib/apricity/model/step.rb": {
        "lines": [
          null,
          null,
          1,
          1,
          1,
          1,
          158,
          null,
          null,
          1,
          null,
          null,
          null
        ]
      },
      "/work/lib/apricity/model/step_outcome.rb": {
        "lines": [
          null,
          null,
          1,
          1,
          1,
          null,
          null,
          null,
          null,
          null,
          1,
          1,
          1,
          null,
          1,
          0,
          null,
          null,
          1,
          85,
          null,
          null,
          null,
          null,
          null,
          null,
          null,
          null,
          null,
          1,
          8,
          null,
          null,
          null,
          null,
          null,
          null,
          null,
          1,
          8,
          null,
          null,
          null,
          null,
          null,
          null,
          null,
          1,
          69,
          null,
          null,
          null,
          null,
          null
        ]
      },
      "/work/lib/apricity/model/strategy.rb": {
        "lines": [
          null,
          null,
          1,
          1,
          1,
          1,
          null,
          null,
          null
        ]
      },
      "/work/lib/apricity/model/streams.rb": {
        "lines": [
          null,
          null,
          1,
          1,
          1,
          null,
          null
        ]
      },
      "/work/lib/apricity/pipeline/graph.rb": {
        "lines": [
          null,
          null,
          1,
          1,
          null,
          1,
          null,
          1,
          1,
          null,
          1,
          0,
          0,
          null,
          null,
          1,
          0,
          0,
          0,
          null,
          0,
          0,
          null,
          null,
          1,
          null,
          1,
          0,
          0,
          null,
          null,
          null,
          1,
          0,
          0,
          0,
          null,
          0,
          0,
          null,
          0,
          0,
          null,
          null,
          null,
          null,
          1,
          1,
          1,
          1,
          null,
          null,
          1,
          null,
          1,
          41,
          41,
          116,
          null,
          41,
          41,
          null,
          null,
          1,
          0,
          0,
          null,
          null,
          1,
          41,
          41,
          null,
          null,
          1,
          null,
          1,
          41,
          75,
          35,
          null,
          35,
          null,
          null,
          null,
          41,
          null,
          null,
          1,
          41,
          75,
          75,
          null,
          75,
          null,
          null,
          41,
          null,
          null,
          1,
          75,
          41,
          41,
          null,
          null,
          null,
          null,
          1,
          75,
          null,
          3,
          1,
          null,
          1,
          1,
          null,
          null,
          null,
          null,
          null,
          null
        ]
      },
      "/work/lib/apricity/pipeline/reducer.rb": {
        "lines": [
          null,
          null,
          1,
          1,
          null,
          1,
          null,
          1,
          null,
          41,
          41,
          41,
          null,
          null,
          41,
          null,
          null,
          null,
          1,
          41,
          41,
          75,
          0,
          0,
          0,
          0,
          null,
          null,
          75,
          null,
          null,
          41,
          null,
          null,
          null,
          1,
          75,
          75,
          0,
          0,
          null,
          null,
          null,
          null,
          75,
          null,
          null,
          null,
          1,
          null,
          0,
          null,
          0,
          null,
          null,
          null,
          null,
          1,
          0,
          0,
          null,
          0,
          null,
          null,
          0,
          null,
          null,
          null,
          null
        ]
      },
      "/work/lib/apricity/pipeline/parser.rb": {
        "lines": [
          null,
          null,
          1,
          1,
          null,
          1,
          1,
          75,
          null,
          75,
          75,
          147,
          40,
          null,
          107,
          null,
          null,
          null,
          75,
          null,
          null,
          null,
          null,
          null,
          null,
          null,
          null,
          null,
          null,
          null,
          null,
          null,
          null,
          null,
          null,
          null,
          null,
          null,
          null,
          null,
          null,
          1,
          1,
          1,
          null,
          1,
          19,
          19,
          39,
          null,
          19,
          null,
          null,
          null,
          1,
          39,
          39,
          null,
          null,
          null,
          null,
          null,
          null,
          null,
          null,
          null,
          null,
          1,
          39,
          39,
          39,
          null,
          null,
          1,
          39,
          null,
          1,
          null,
          null,
          1,
          39,
          null,
          34,
          null,
          null,
          1,
          39,
          null,
          null,
          1,
          39,
          75,
          null,
          null,
          null,
          null,
          null,
          null,
          1,
          39,
          0,
          null,
          null,
          null,
          1,
          39,
          14,
          14,
          null,
          14,
          null,
          null,
          null,
          1,
          39,
          0,
          null,
          null,
          null,
          1,
          39,
          8,
          4,
          null,
          4,
          null,
          null,
          8,
          null,
          null,
          null,
          1,
          39,
          14,
          14,
          14,
          14,
          14,
          null,
          null,
          null,
          1,
          39,
          4,
          null,
          null,
          null,
          null,
          null,
          null,
          null,
          null,
          null,
          null
        ]
      },
      "/work/lib/apricity/pipeline/scheduler.rb": {
        "lines": [
          null,
          null,
          1,
          1,
          null,
          1,
          1,
          null,
          1,
          313,
          null,
          null,
          1,
          113,
          null,
          null,
          null,
          null,
          null,
          null,
          null,
          1,
          null,
          142,
          142,
          null,
          142,
          163,
          null,
          null,
          163,
          null,
          75,
          null,
          null,
          75,
          4,
          4,
          null,
          null,
          4,
          4,
          4,
          null,
          null,
          null,
          71,
          71,
          null,
          71,
          null,
          71,
          null,
          0,
          0,
          null,
          null,
          null,
          71,
          null,
          null,
          null,
          null,
          142,
          null,
          138,
          null,
          null,
          142,
          4,
          null,
          null,
          8,
          4,
          0,
          0,
          null,
          0,
          null,
          null,
          4,
          4,
          null,
          null,
          null,
          138,
          71,
          null,
          null,
          71,
          null,
          0,
          null,
          null,
          null,
          null,
          null,
          null,
          null,
          null,
          null
        ]
      },
      "/work/lib/apricity/conditions.rb": {
        "lines": [
          null,
          null,
          1,
          null,
          1,
          1,
          1,
          1,
          null,
          1,
          1,
          1,
          null,
          1,
          1,
          1,
          null,
          1,
          1,
          1,
          null,
          1,
          1,
          1,
          null,
          null,
          null,
          1,
          0,
          0,
          0,
          null,
          null,
          null
        ]
      },
      "/work/lib/apricity/output_sink.rb": {
        "lines": [
          null,
          null,
          1,
          null,
          1,
          1,
          null,
          1,
          null,
          1,
          0,
          0,
          null,
          null,
          null,
          null,
          1,
          1,
          null,
          null
        ]
      },
      "/work/lib/apricity/plugins/plugin_registry.rb": {
        "lines": [
          null,
          null,
          1,
          1,
          1,
          1,
          1,
          null,
          1,
          1,
          1,
          null,
          null,
          1,
          0,
          0,
          0,
          null,
          null,
          1,
          4,
          4,
          4,
          null,
          null,
          null,
          1,
          3,
          3,
          3,
          0,
          null,
          0,
          null,
          3,
          null,
          null,
          1,
          6,
          3,
          null,
          null,
          null,
          1,
          3,
          3,
          null,
          0,
          null,
          null,
          null,
          1,
          1,
          null,
          null,
          null
        ]
      },
      "/work/lib/apricity/plugins/junit_reporter.rb": {
        "lines": [
          null,
          null,
          1,
          1,
          null,
          1,
          1,
          null,
          1,
          1,
          1,
          null,
          1,
          0,
          null,
          null,
          null,
          null,
          null,
          1,
          1,
          1,
          0,
          null,
          null,
          null,
          null,
          null,
          null,
          null,
          null,
          null,
          null,
          null,
          1,
          1,
          0,
          0,
          0,
          0,
          null,
          0,
          null,
          0,
          null,
          null,
          1,
          0,
          0,
          0,
          0,
          null,
          0,
          null,
          null,
          1,
          0,
          0,
          0,
          0,
          null,
          null,
          null,
          null,
          1,
          1,
          1,
          null,
          1,
          null,
          1,
          7,
          null,
          null,
          1,
          0,
          0,
          0,
          0,
          null,
          0,
          null,
          null,
          1,
          0,
          0,
          0,
          0,
          0,
          0,
          null,
          0,
          null,
          0,
          null,
          null,
          1,
          null,
          0,
          0,
          0,
          0,
          null,
          0,
          null,
          0,
          0,
          null,
          0,
          null,
          null,
          null,
          1,
          0,
          0,
          0,
          null,
          null,
          null,
          0,
          null,
          0,
          0,
          0,
          null,
          null,
          1,
          0,
          0,
          null,
          null,
          null,
          1,
          null,
          1,
          0,
          0,
          null,
          0,
          null,
          null,
          null,
          1,
          null,
          0,
          null,
          null,
          null,
          null,
          null,
          null,
          null,
          1,
          0,
          0,
          null,
          null,
          null,
          null,
          null,
          null,
          null,
          null,
          1,
          0,
          null,
          null,
          0,
          null,
          null,
          null,
          null,
          null,
          null,
          null,
          null,
          null,
          null
        ]
      },
      "/work/lib/apricity/plugins/plugin_definition.rb": {
        "lines": [
          null,
          null,
          1,
          1,
          null,
          null,
          1,
          1,
          null,
          1,
          null,
          1,
          0,
          null,
          null,
          1,
          null,
          1,
          null,
          null,
          null,
          0,
          null,
          null,
          null,
          null
        ]
      },
      "/work/lib/apricity/plugins/simplecov_reporter.rb": {
        "lines": [
          null,
          null,
          1,
          1,
          null,
          1,
          1,
          1,
          1,
          1,
          null,
          1,
          null,
          null,
          null,
          null,
          1,
          1,
          0,
          null,
          0,
          0,
          0,
          0,
          null,
          null,
          null,
          0,
          null,
          null,
          1,
          0,
          0,
          null,
          null,
          null,
          1,
          0,
          null,
          0,
          0,
          null,
          0,
          null,
          0,
          0,
          null,
          null,
          null,
          1,
          0,
          0,
          null,
          0,
          0,
          null,
          0,
          null,
          null,
          1,
          0,
          null,
          0,
          0,
          0,
          null,
          0,
          0,
          null,
          null,
          null,
          0,
          null,
          null,
          null,
          null,
          1,
          1,
          null,
          1,
          0,
          null,
          null,
          1,
          null,
          null,
          0,
          0,
          null,
          0,
          0,
          0,
          null,
          0,
          null,
          0,
          null,
          null,
          1,
          0,
          0,
          0,
          0,
          null,
          null,
          0,
          null,
          0,
          0,
          null,
          null,
          1,
          null,
          1,
          0,
          null,
          0,
          null,
          null,
          1,
          0,
          0,
          0,
          0,
          0,
          0,
          null,
          0,
          null,
          0,
          null,
          null,
          1,
          0,
          0,
          0,
          null,
          null,
          0,
          0,
          null,
          null,
          1,
          0,
          0,
          0,
          null,
          null,
          0,
          null,
          null,
          0,
          null,
          null,
          0,
          0,
          null,
          0,
          null,
          null,
          1,
          0,
          0,
          null,
          null,
          null,
          null,
          null,
          null,
          1,
          0,
          null,
          null,
          null,
          null,
          null,
          1,
          0,
          null,
          0,
          null,
          null,
          null,
          null,
          null,
          null,
          null,
          null,
          null,
          null
        ]
      },
      "/work/lib/apricity/plugins/sbom_reporter.rb": {
        "lines": [
          null,
          null,
          1,
          1,
          null,
          1,
          1,
          null,
          1,
          1,
          1,
          null,
          1,
          0,
          null,
          null,
          null,
          null,
          1,
          null,
          1,
          0,
          null,
          null,
          1,
          0,
          0,
          null,
          0,
          0,
          0,
          null,
          0,
          0,
          null,
          0,
          0,
          null,
          null,
          1,
          null,
          1,
          0,
          0,
          0,
          0,
          null,
          0,
          null,
          0,
          null,
          null,
          1,
          0,
          null,
          0,
          0,
          null,
          null,
          0,
          0,
          0,
          null,
          null,
          0,
          null,
          null,
          1,
          0,
          0,
          0,
          null,
          0,
          null,
          null,
          1,
          0,
          null,
          null,
          0,
          null,
          null,
          0,
          null,
          null,
          0,
          null,
          0,
          null,
          null,
          1,
          0,
          null,
          null,
          null,
          null,
          null,
          null,
          1,
          0,
          null,
          null,
          null,
          null,
          null,
          null,
          null,
          null
        ]
      },
      "/work/lib/apricity/actions/action_registry.rb": {
        "lines": [
          null,
          null,
          1,
          null,
          1,
          1,
          null,
          1,
          1,
          0,
          null,
          null,
          1,
          0,
          null,
          null,
          1,
          0,
          0,
          0,
          null,
          null,
          null,
          1,
          0,
          0,
          0,
          0,
          0,
          null,
          0,
          null,
          null,
          1,
          0,
          0,
          null,
          null,
          null,
          null,
          null,
          null,
          null,
          null,
          null,
          null,
          null,
          null,
          null,
          1,
          0,
          0,
          0,
          0,
          null,
          null,
          null,
          null,
          null,
          1,
          null,
          null,
          null
        ]
      },
      "/work/lib/apricity/actions/checkout.rb": {
        "lines": [
          null,
          null,
          1,
          null,
          1,
          1,
          null,
          1,
          1,
          null,
          1,
          0,
          null,
          null,
          1,
          null,
          1,
          null,
          1,
          0,
          null,
          null,
          null,
          null,
          null,
          null,
          null,
          null,
          null,
          null,
          1,
          1,
          1,
          null,
          null,
          null
        ]
      },
      "/work/lib/apricity/actions/action_definition.rb": {
        "lines": [
          null,
          null,
          1,
          1,
          null,
          1,
          1,
          null,
          1,
          null,
          null,
          null
        ]
      },
      "/work/lib/apricity/job_execution.rb": {
        "lines": [
          null,
          null,
          1,
          1,
          1,
          1,
          1,
          1,
          1,
          null,
          1,
          1,
          null,
          1,
          1,
          null,
          1,
          0,
          null,
          null,
          1,
          0,
          null,
          0,
          0,
          null,
          null,
          null,
          null,
          1,
          1,
          null,
          null,
          null,
          1,
          1,
          null,
          0,
          0,
          null,
          0,
          0,
          null,
          0,
          null,
          0,
          null,
          0,
          0,
          null,
          null,
          null,
          null,
          1,
          1,
          0,
          0,
          null,
          null,
          1,
          null,
          null,
          null,
          null,
          null,
          1,
          5,
          5,
          5,
          5,
          null,
          5,
          5,
          5,
          null,
          null,
          1,
          5,
          0,
          null,
          0,
          null,
          null,
          null,
          null,
          1,
          null,
          null,
          1,
          1,
          null,
          1,
          67,
          67,
          67,
          67,
          67,
          67,
          67,
          67,
          67,
          67,
          null,
          null,
          1,
          67,
          67,
          67,
          67,
          67,
          null,
          null,
          1,
          null,
          1,
          null,
          1,
          null,
          1,
          1,
          1,
          null,
          1,
          67,
          null,
          1,
          1,
          null,
          null,
          1,
          67,
          67,
          null,
          null,
          1,
          0,
          0,
          null,
          0,
          null,
          null,
          30,
          36,
          null,
          1,
          67,
          null,
          76,
          5,
          null,
          null,
          null,
          1,
          9,
          9,
          null,
          9,
          9,
          null,
          9,
          9,
          9,
          null,
          null,
          0,
          0,
          null,
          null,
          1,
          5,
          null,
          5,
          null,
          5,
          5,
          5,
          null,
          null,
          0,
          0,
          null,
          0,
          0,
          null,
          null,
          0,
          null,
          null,
          1,
          null,
          0,
          0,
          null,
          0,
          null,
          null,
          0,
          null,
          0,
          null,
          null,
          1,
          67,
          null,
          0,
          null,
          0,
          0,
          null,
          0,
          null,
          0,
          null,
          null,
          1,
          0,
          0,
          null,
          0,
          null,
          null,
          null,
          1,
          0,
          0,
          null,
          null,
          1,
          0,
          null,
          null,
          0,
          0,
          0,
          0,
          0,
          null,
          0,
          null,
          null,
          null,
          null,
          1,
          null,
          1,
          1,
          null,
          1,
          75,
          75,
          75,
          75,
          75,
          null,
          null,
          1,
          75,
          75,
          75,
          75,
          null,
          69,
          null,
          null,
          1,
          null,
          1,
          75,
          75,
          null,
          null,
          0,
          null,
          null,
          null,
          null,
          null,
          null,
          1,
          75,
          75,
          null,
          75,
          45,
          45,
          45,
          45,
          null,
          75,
          null,
          null,
          1,
          75,
          75,
          75,
          null,
          0,
          null,
          null,
          null,
          0,
          null,
          null,
          1,
          0,
          null,
          null,
          null,
          null,
          null,
          1,
          75,
          0,
          null,
          0,
          null,
          0,
          null,
          75,
          null,
          null,
          null,
          null,
          null,
          null,
          null,
          1,
          1,
          null,
          1,
          61,
          61,
          61,
          61,
          null,
          null,
          1,
          61,
          61,
          61,
          61,
          59,
          null,
          null,
          1,
          null,
          1,
          61,
          61,
          61,
          24,
          24,
          24,
          null,
          null,
          61,
          null,
          null,
          null,
          null,
          null,
          null,
          null,
          null,
          null,
          null,
          null,
          null,
          null,
          null,
          null,
          null,
          null,
          null,
          null,
          null,
          null,
          null,
          null,
          null,
          null,
          null,
          null,
          1,
          61,
          5,
          5,
          null,
          null,
          null,
          null,
          null,
          null,
          null,
          null,
          null,
          null,
          5,
          null,
          5,
          null,
          null,
          null,
          1,
          2,
          2,
          null,
          null,
          null,
          1,
          61,
          null,
          4,
          2,
          2,
          null,
          0,
          null,
          2,
          null,
          2,
          null,
          null,
          1,
          61,
          31,
          null,
          null,
          null,
          1,
          33,
          28,
          5,
          5,
          5,
          null,
          null,
          null,
          null,
          null,
          1,
          5,
          null,
          null,
          5,
          5,
          null,
          5,
          5,
          5,
          null,
          5,
          null,
          null,
          1,
          71,
          71,
          71,
          29,
          29,
          null,
          0,
          null,
          null,
          71,
          null,
          null,
          1,
          5,
          5,
          10,
          null,
          null,
          null,
          null,
          1,
          10,
          10,
          5,
          null,
          5,
          5,
          null,
          null,
          null,
          null,
          1,
          null,
          null,
          1,
          1,
          0,
          null,
          0,
          0,
          0,
          null,
          null,
          1,
          0,
          null,
          0,
          0,
          null,
          null,
          null,
          null,
          null,
          null,
          null,
          null,
          null,
          1,
          142,
          142,
          0,
          null,
          142,
          null,
          null,
          1,
          142,
          142,
          null,
          null,
          1,
          0,
          null,
          0,
          null,
          0,
          0,
          0,
          null,
          null,
          null,
          1,
          0,
          null,
          null,
          null,
          null,
          null,
          null,
          1,
          1,
          67,
          null,
          null,
          null,
          null,
          1,
          61,
          null,
          null,
          null,
          1,
          null,
          null,
          null,
          1,
          1,
          1,
          null,
          1,
          null,
          1,
          67,
          67,
          67,
          67,
          67,
          67,
          67,
          67,
          null,
          null,
          1,
          67,
          67,
          null,
          8,
          null,
          67,
          67,
          null,
          null,
          1,
          null,
          1,
          67,
          null,
          null,
          1,
          67,
          67,
          61,
          59,
          59,
          null,
          67,
          null,
          null,
          1,
          8,
          null,
          8,
          8,
          null,
          null,
          1,
          null,
          1,
          134,
          null,
          0,
          null,
          null,
          1,
          67,
          67,
          67,
          67,
          67,
          67,
          null,
          null,
          null,
          1,
          67,
          67,
          67,
          75,
          75,
          75,
          69,
          69,
          null,
          null,
          null,
          1,
          75,
          75,
          null,
          45,
          null,
          null,
          69,
          null,
          null,
          1,
          null,
          1,
          67,
          9,
          null,
          9,
          null,
          null,
          9,
          null,
          null,
          9,
          9,
          27,
          null,
          null,
          9,
          null,
          9,
          null,
          0,
          null,
          null,
          null,
          1,
          67,
          0,
          0,
          null,
          null,
          null,
          1,
          67,
          67,
          null,
          67,
          67,
          null,
          null,
          0,
          null,
          0,
          null,
          0,
          null,
          null,
          1,
          0,
          null,
          0,
          null,
          null,
          null,
          null,
          null,
          null,
          null,
          null,
          null,
          1,
          323,
          323,
          null,
          null,
          1,
          1,
          1,
          null,
          1,
          268,
          null,
          0,
          null,
          null,
          1,
          null,
          1,
          142,
          null,
          null,
          466,
          null,
          null,
          null,
          null,
          1,
          422,
          null,
          null,
          67,
          null,
          null,
          null,
          null,
          null,
          1,
          1,
          1,
          null,
          null,
          null
        ]
      },
      "/work/lib/apricity/job_execution/apricity_dir.rb": {
        "lines": [
          null,
          null,
          1,
          1,
          null,
          1,
          null,
          null
        ]
      },
      "/work/lib/apricity/job_execution/default_read_timeout.rb": {
        "lines": [
          null,
          null,
          1,
          1,
          1,
          null,
          null
        ]
      },
      "/work/lib/apricity/job_execution/events.rb": {
        "lines": [
          null,
          null,
          1,
          1,
          null,
          1,
          1,
          0,
          null,
          null,
          null,
          null,
          0,
          0,
          null,
          null,
          null,
          1,
          0,
          0,
          null,
          0,
          null,
          null,
          null,
          1,
          0,
          null,
          null,
          0,
          null,
          null,
          null,
          1,
          0,
          null,
          null,
          0,
          null,
          null,
          null,
          1,
          0,
          0,
          0,
          0,
          0,
          0,
          0,
          0,
          null,
          null,
          null,
          1,
          0,
          0,
          0,
          null,
          null,
          1,
          0,
          0,
          0,
          null,
          0,
          null,
          0,
          0,
          null,
          0,
          null,
          null,
          null,
          null,
          1,
          1,
          0,
          null,
          null,
          1,
          1,
          1,
          null,
          1,
          1,
          1,
          null,
          1,
          1,
          67,
          null,
          null,
          1,
          null,
          1,
          0,
          0,
          null,
          0,
          null,
          null,
          null,
          1,
          1,
          1,
          null,
          null,
          1,
          1,
          1,
          null,
          1,
          1,
          1,
          null,
          null,
          null,
          1,
          1,
          1,
          null,
          1,
          1,
          1,
          null,
          null,
          1,
          1,
          1,
          null,
          null,
          1,
          1,
          null,
          1,
          0,
          null,
          null,
          null,
          null,
          null,
          null
        ]
      },
      "/work/lib/apricity/job_execution/node.rb": {
        "lines": [
          null,
          null,
          1,
          1,
          1,
          null,
          null,
          null,
          null,
          null,
          null,
          null,
          null,
          null,
          null,
          null,
          null,
          null,
          null,
          null,
          1,
          75,
          null,
          null,
          null,
          null,
          null,
          null,
          null,
          null,
          null,
          null,
          null,
          1,
          75,
          0,
          null,
          null,
          null,
          1,
          null,
          null,
          null
        ]
      },
      "/work/lib/apricity/job_execution/pipeline_state_context.rb": {
        "lines": [
          null,
          null,
          1,
          1,
          null,
          1,
          null,
          null,
          null,
          null,
          null,
          null,
          null,
          null,
          1,
          null,
          null,
          null,
          null,
          null,
          null,
          null,
          null,
          null,
          1,
          1,
          1,
          null,
          1,
          null,
          null,
          null
        ]
      },
      "/work/lib/apricity/job_execution/result.rb": {
        "lines": [
          null,
          null,
          1,
          1,
          1,
          1,
          1,
          null,
          null,
          null
        ]
      },
      "/work/lib/apricity/job_execution/working_dir.rb": {
        "lines": [
          null,
          null,
          1,
          1,
          null,
          1,
          null,
          null
        ]
      },
      "/work/lib/apricity/pipeline/runner.rb": {
        "lines": [
          null,
          null,
          1,
          1,
          null,
          null,
          1,
          1,
          41,
          41,
          41,
          null,
          41,
          null,
          0,
          null,
          null,
          1,
          41,
          null,
          41,
          41,
          41,
          null,
          41,
          41,
          null,
          null,
          1,
          41,
          41,
          41,
          785,
          null,
          null,
          1,
          41,
          41,
          null,
          null,
          0,
          null,
          41,
          null,
          null,
          1,
          41,
          null,
          41,
          41,
          41,
          41,
          null,
          null,
          1,
          null,
          1,
          1,
          null,
          null,
          null,
          null,
          null,
          1,
          41,
          116,
          41,
          41,
          41,
          41,
          41,
          41,
          142,
          null,
          null,
          null,
          null,
          142,
          null,
          0,
          null,
          null,
          null,
          null,
          null,
          71,
          71,
          null,
          null,
          142,
          4,
          67,
          59,
          null,
          8,
          null,
          71,
          71,
          null,
          4,
          4,
          null,
          null,
          null,
          null,
          null,
          41,
          41,
          null,
          null,
          null,
          null,
          null,
          null,
          1,
          0,
          0,
          0,
          null,
          null,
          1,
          83,
          129,
          null,
          null,
          1,
          83,
          75,
          67,
          29,
          9,
          null,
          null,
          67,
          null,
          null,
          1,
          null,
          1,
          8,
          8,
          8,
          8,
          null,
          null,
          null,
          null,
          null,
          1,
          75,
          null,
          67,
          null,
          null,
          67,
          67,
          67,
          67,
          67,
          null,
          null,
          1,
          67,
          29,
          9,
          null,
          null,
          1,
          67,
          29,
          null,
          null,
          null,
          20,
          null,
          0,
          null,
          null,
          null,
          null,
          30,
          null,
          1,
          29,
          null,
          24,
          null,
          5,
          null,
          0,
          null,
          null,
          null,
          30,
          null,
          1,
          83,
          null,
          null,
          1,
          67,
          null,
          null,
          null,
          1,
          null,
          null,
          null,
          null
        ]
      },
      "/work/lib/apricity/run.rb": {
        "lines": [
          null,
          null,
          1,
          1,
          1,
          1,
          null,
          1,
          1,
          1,
          1,
          1,
          1,
          1,
          null,
          null,
          1,
          1,
          null,
          null,
          null,
          1,
          1,
          null,
          1,
          0,
          null,
          null,
          1,
          0,
          null,
          null,
          1,
          0,
          0,
          null,
          null,
          null,
          null,
          null,
          1,
          1,
          1,
          null,
          1,
          null,
          0,
          0,
          null,
          null,
          null,
          1,
          1,
          null,
          1,
          0,
          0,
          null,
          null,
          1,
          0,
          null,
          0,
          null,
          null,
          1,
          null,
          1,
          0,
          0,
          0,
          0,
          0,
          0,
          0,
          null,
          0,
          null,
          null,
          null,
          1,
          0,
          0,
          0,
          0,
          0,
          0,
          null,
          0,
          0,
          0,
          null,
          null,
          1,
          null,
          1,
          null,
          null,
          null
        ]
      },
      "/work/lib/apricity/run/timestamps.rb": {
        "lines": [
          null,
          null,
          1,
          1,
          null,
          1,
          null,
          null
        ]
      },
      "/work/lib/apricity/run/node_state.rb": {
        "lines": [
          null,
          null,
          1,
          1,
          1,
          null,
          null,
          null,
          1,
          null,
          null,
          null,
          null,
          null,
          null,
          null,
          null,
          null,
          1,
          null,
          null,
          null
        ]
      },
      "/work/lib/apricity/run/step_state.rb": {
        "lines": [
          null,
          null,
          1,
          1,
          1,
          1,
          null,
          null,
          null
        ]
      },
      "/work/lib/apricity/run/state.rb": {
        "lines": [
          null,
          null,
          1,
          1,
          null,
          1,
          1,
          0,
          null,
          null,
          1,
          0,
          null,
          null,
          null,
          null,
          null,
          null,
          null,
          null,
          1,
          0,
          null,
          null,
          null,
          null,
          null,
          null,
          null,
          null,
          1,
          0,
          null,
          null,
          null,
          null,
          null,
          null,
          null,
          null,
          1,
          0,
          0,
          null,
          null,
          null,
          null,
          null,
          null,
          null,
          null,
          1,
          0,
          0,
          null,
          null,
          null,
          null,
          null,
          null,
          null,
          1,
          0,
          0,
          null,
          null,
          null,
          null,
          null,
          null,
          null,
          1,
          0,
          null,
          null,
          1,
          0,
          null,
          null,
          null,
          null,
          null,
          1,
          0,
          0,
          null,
          null,
          null,
          1,
          0,
          0,
          null,
          0,
          null,
          null,
          null,
          null,
          null,
          null,
          null,
          null,
          null,
          1,
          0,
          0,
          null,
          null,
          null,
          1,
          0,
          null,
          0,
          null,
          null,
          null,
          null,
          null,
          null,
          null,
          null,
          null,
          1,
          1,
          0,
          0,
          0,
          0,
          null,
          null,
          0,
          null,
          null,
          1,
          0,
          null,
          null,
          null,
          null,
          null,
          null,
          null,
          null,
          1,
          0,
          0,
          0,
          0,
          null,
          null,
          null,
          null
        ]
      },
      "/work/lib/apricity/model/builders.rb": {
        "lines": [
          null,
          null,
          1,
          1,
          1,
          null,
          1,
          1,
          null,
          1,
          75,
          75,
          75,
          75,
          75,
          75,
          75,
          null,
          null,
          1,
          83,
          83,
          null,
          null,
          1,
          41,
          41,
          null,
          null,
          1,
          35,
          35,
          null,
          null,
          1,
          1,
          1,
          null,
          null,
          1,
          12,
          12,
          null,
          null,
          1,
          75,
          null,
          null,
          null,
          null,
          null,
          null,
          null,
          null,
          null,
          null,
          null,
          null,
          1,
          1,
          null,
          1,
          41,
          41,
          null,
          null,
          1,
          75,
          75,
          75,
          null,
          null,
          1,
          null,
          null,
          null,
          1,
          1,
          null,
          1,
          41,
          41,
          null,
          null,
          1,
          41,
          41,
          41,
          null,
          null,
          1,
          null,
          1,
          13,
          13,
          13,
          null,
          null,
          null,
          null,
          null,
          null,
          null
        ]
      },
      "/work/spec/support/successful_pipeline.rb": {
        "lines": [
          null,
          null,
          null,
          1,
          29,
          29,
          null,
          11,
          6,
          null,
          null,
          11,
          6,
          null,
          null,
          11,
          6,
          null,
          null
        ]
      },
      "/work/spec/apricity/pipeline/parser_spec.rb": {
        "lines": [
          null,
          null,
          1,
          1,
          1,
          1,
          null,
          1,
          1,
          1,
          1,
          11,
          null,
          1,
          11,
          null,
          1,
          1,
          null,
          null,
          1,
          1,
          null,
          null,
          1,
          7,
          2,
          2,
          null,
          1,
          1,
          null,
          null,
          null,
          null,
          null,
          1,
          1,
          null,
          null,
          null,
          null,
          null,
          1,
          25,
          null,
          1,
          1,
          null,
          null,
          1,
          1,
          null,
          null,
          null,
          null,
          1,
          3,
          null,
          1,
          1,
          null,
          null,
          1,
          1,
          null,
          null,
          null,
          1,
          1,
          1,
          1,
          null,
          null,
          null,
          null,
          null,
          1,
          1,
          1,
          null,
          null,
          null,
          null,
          null,
          null,
          null,
          1,
          2,
          2,
          3,
          null,
          1,
          1,
          null,
          null,
          null,
          null,
          null,
          1,
          3,
          3,
          5,
          null,
          1,
          1,
          null,
          null,
          null,
          null,
          null,
          null,
          null,
          null,
          1,
          1,
          null,
          null,
          1,
          1,
          null,
          null,
          null,
          null,
          null,
          1,
          3,
          3,
          3,
          null,
          1,
          1,
          null,
          null,
          1,
          1,
          null,
          null,
          null,
          null,
          null
        ]
      },
      "/work/spec/apricity/pipeline/runner_artifacts_spec.rb": {
        "lines": [
          null,
          null,
          1,
          1,
          1,
          null,
          1,
          2,
          2,
          2,
          1,
          null,
          1,
          1,
          1,
          null,
          null,
          1,
          1,
          1,
          null,
          null,
          null,
          null,
          1,
          1,
          1,
          null,
          null,
          null,
          null,
          null,
          null,
          null,
          null,
          null,
          null,
          null,
          null,
          null,
          null,
          null,
          null,
          null,
          1,
          1,
          null,
          null,
          null,
          null
        ]
      },
      "/work/spec/apricity/pipeline/runner_dependencies_spec.rb": {
        "lines": [
          null,
          null,
          1,
          1,
          1,
          null,
          1,
          2,
          5,
          2,
          2,
          null,
          1,
          1,
          4,
          null,
          null,
          4,
          4,
          4,
          null,
          4,
          4,
          4,
          null,
          null,
          null,
          null,
          null,
          1,
          null,
          1,
          1,
          null,
          null,
          null,
          null
        ]
      },
      "/work/spec/apricity/pipeline/runner_echo_spec.rb": {
        "lines": [
          null,
          null,
          1,
          1,
          1,
          null,
          1,
          2,
          5,
          2,
          1,
          null,
          1,
          5,
          5,
          null,
          1,
          null,
          1,
          1,
          null,
          null,
          null,
          null
        ]
      },
      "/work/spec/apricity/pipeline/runner_examples_spec.rb": {
        "lines": [
          null,
          null,
          1,
          1,
          null,
          1,
          1,
          1,
          null,
          1,
          5,
          5,
          null,
          1,
          1,
          0,
          0,
          null,
          null,
          1,
          5,
          5,
          null,
          5,
          null,
          null,
          null,
          null
        ]
      },
      "/work/spec/apricity/pipeline/runner_failing_spec.rb": {
        "lines": [
          null,
          null,
          1,
          1,
          1,
          null,
          1,
          3,
          3,
          3,
          1,
          null,
          1,
          3,
          3,
          null,
          1,
          1,
          null,
          null,
          1,
          1,
          null,
          null,
          null,
          null
        ]
      },
      "/work/spec/apricity/pipeline/runner_fan_spec.rb": {
        "lines": [
          null,
          null,
          1,
          1,
          1,
          null,
          1,
          2,
          5,
          2,
          2,
          null,
          1,
          null,
          null,
          null,
          1,
          4,
          null,
          null,
          4,
          4,
          4,
          4,
          null,
          null,
          4,
          4,
          4,
          4,
          null,
          null,
          4,
          4,
          4,
          4,
          4,
          null,
          null,
          4,
          4,
          4,
          null,
          null,
          null,
          null,
          null,
          null,
          null,
          1,
          null,
          1,
          1,
          null,
          null,
          null,
          null
        ]
      },
      "/work/spec/apricity/pipeline/runner_missing_outputs_spec.rb": {
        "lines": [
          null,
          null,
          1,
          1,
          1,
          null,
          1,
          3,
          3,
          3,
          1,
          null,
          1,
          1,
          2,
          null,
          null,
          2,
          2,
          2,
          null,
          null,
          null,
          null,
          null,
          1,
          1,
          null,
          null,
          1,
          1,
          null,
          null,
          null,
          null
        ]
      },
      "/work/spec/apricity/pipeline/runner_needs_spec.rb": {
        "lines": [
          null,
          null,
          1,
          1,
          1,
          null,
          1,
          2,
          2,
          2,
          2,
          null,
          1,
          1,
          1,
          null,
          null,
          1,
          1,
          1,
          null,
          null,
          1,
          1,
          null,
          null,
          null,
          null,
          null,
          1,
          1,
          null,
          null,
          null,
          null
        ]
      },
      "/work/spec/apricity/pipeline/runner_partial_execution_spec.rb": {
        "lines": [
          null,
          null,
          1,
          1,
          1,
          null,
          1,
          5,
          5,
          5,
          2,
          null,
          1,
          null,
          null,
          null,
          1,
          4,
          null,
          null,
          4,
          4,
          4,
          4,
          4,
          4,
          null,
          null,
          4,
          4,
          4,
          null,
          null,
          4,
          4,
          4,
          null,
          null,
          null,
          null,
          null,
          1,
          1,
          null,
          null,
          1,
          2,
          null,
          null,
          1,
          3,
          null,
          null,
          1,
          1,
          null,
          null,
          null,
          null
        ]
      },
      "/work/spec/apricity/pipeline/runner_simple_spec.rb": {
        "lines": [
          null,
          null,
          1,
          1,
          1,
          null,
          1,
          5,
          8,
          5,
          1,
          null,
          1,
          8,
          8,
          null,
          1,
          null,
          1,
          1,
          null,
          null,
          1,
          1,
          null,
          null,
          1,
          1,
          null,
          null,
          1,
          1,
          null,
          null,
          null,
          null
        ]
      },
      "/work/spec/apricity/pipeline/runner_steps_share_container_spec.rb": {
        "lines": [
          null,
          null,
          1,
          1,
          1,
          null,
          1,
          2,
          5,
          2,
          1,
          null,
          1,
          1,
          4,
          null,
          null,
          4,
          4,
          4,
          4,
          null,
          null,
          null,
          null,
          null,
          1,
          null,
          1,
          1,
          null,
          null,
          null,
          null
        ]
      },
      "/work/spec/apricity/pipeline/runner_unmet_conditions_spec.rb": {
        "lines": [
          null,
          null,
          1,
          1,
          1,
          null,
          1,
          5,
          5,
          5,
          2,
          null,
          1,
          1,
          4,
          null,
          null,
          4,
          4,
          4,
          4,
          null,
          4,
          4,
          4,
          null,
          null,
          null,
          null,
          null,
          1,
          1,
          null,
          null,
          1,
          1,
          null,
          null,
          1,
          1,
          null,
          null,
          1,
          1,
          null,
          null,
          null,
          null
        ]
      },
      "/work/spec/apricity/pipeline/runner_value_outputs_spec.rb": {
        "lines": [
          null,
          null,
          1,
          1,
          1,
          null,
          1,
          2,
          5,
          2,
          1,
          null,
          1,
          1,
          4,
          null,
          null,
          4,
          4,
          4,
          null,
          4,
          4,
          4,
          null,
          null,
          null,
          null,
          null,
          1,
          null,
          1,
          1,
          null,
          null,
          null,
          null
        ]
      },
      "/work/spec/apricity/plugins/junit_reporter_spec.rb": {
        "lines": [
          null,
          null,
          1,
          1,
          1,
          1,
          null,
          1,
          1,
          1,
          null,
          5,
          null,
          5,
          5,
          9,
          null,
          1,
          1,
          null,
          null,
          1,
          4,
          4,
          null,
          1,
          1,
          null,
          null,
          1,
          1,
          null,
          null,
          1,
          1,
          null,
          null,
          null,
          1,
          1,
          0,
          0,
          null,
          null,
          1,
          null,
          1,
          null,
          0,
          null,
          null,
          null,
          null,
          null
        ]
      },
      "/work/spec/apricity_spec.rb": {
        "lines": [
          null,
          null,
          1
        ]
      }
    },
    "timestamp": 1768315378
  }
}
