<?xml version="1.0" encoding="UTF-8"?>
<testsuite name="rspec" tests="61" skipped="1" failures="0" errors="0" time="42.563376" timestamp="2026-01-13T14:42:15+00:00" hostname="19bda8130bcb">
<properties>
<property name="seed" value="16231"/>
</properties>
<testcase classname="spec.apricity.pipeline.parser_spec" name="Apricity::Pipeline::Parser parses test fixture pipeline parses action names" file="./spec/apricity/pipeline/parser_spec.rb" time="0.006077"></testcase>
<testcase classname="spec.apricity.pipeline.parser_spec" name="Apricity::Pipeline::Parser parses test fixture pipeline parses job names" file="./spec/apricity/pipeline/parser_spec.rb" time="0.000434"></testcase>
<testcase classname="spec.apricity.pipeline.parser_spec" name="Apricity::Pipeline::Parser parses test fixture pipeline parses lint step commands parses first step command lines" file="./spec/apricity/pipeline/parser_spec.rb" time="0.000420"></testcase>
<testcase classname="spec.apricity.pipeline.parser_spec" name="Apricity::Pipeline::Parser parses test fixture pipeline parses lint step commands parses next step command lines" file="./spec/apricity/pipeline/parser_spec.rb" time="0.000382"></testcase>
<testcase classname="spec.apricity.pipeline.parser_spec" name="Apricity::Pipeline::Parser parses test fixture pipeline parses test job parses job steps" file="./spec/apricity/pipeline/parser_spec.rb" time="0.000354"></testcase>
<testcase classname="spec.apricity.pipeline.parser_spec" name="Apricity::Pipeline::Parser parses test fixture pipeline parses test job parses outputs" file="./spec/apricity/pipeline/parser_spec.rb" time="0.000369"></testcase>
<testcase classname="spec.apricity.pipeline.parser_spec" name="Apricity::Pipeline::Parser parses test fixture pipeline parses test job parses plugins parses plugin name, org, version" file="./spec/apricity/pipeline/parser_spec.rb" time="0.000432"></testcase>
<testcase classname="spec.apricity.pipeline.parser_spec" name="Apricity::Pipeline::Parser parses test fixture pipeline parses test job parses plugins parses plugin config" file="./spec/apricity/pipeline/parser_spec.rb" time="0.000419"></testcase>
<testcase classname="spec.apricity.pipeline.parser_spec" name="Apricity::Pipeline::Parser parses test fixture pipeline parses test job parses commands parses first step command lines" file="./spec/apricity/pipeline/parser_spec.rb" time="0.000414"></testcase>
<testcase classname="spec.apricity.pipeline.parser_spec" name="Apricity::Pipeline::Parser parses test fixture pipeline parses test job parses commands parses next step command lines" file="./spec/apricity/pipeline/parser_spec.rb" time="0.000364"></testcase>
<testcase classname="spec.apricity.pipeline.parser_spec" name="Apricity::Pipeline::Parser parses pipeline with matrix strategy parses strategy matrix" file="./spec/apricity/pipeline/parser_spec.rb" time="0.000415"></testcase>
<testcase classname="spec.apricity.pipeline.parser_spec" name="Apricity::Pipeline::Parser parses pipeline with services parses postgres service" file="./spec/apricity/pipeline/parser_spec.rb" time="0.000482"></testcase>
<testcase classname="spec.apricity.pipeline.parser_spec" name="Apricity::Pipeline::Parser parses pipeline with services parses redis service" file="./spec/apricity/pipeline/parser_spec.rb" time="0.002523"></testcase>
<testcase classname="spec.apricity.pipeline.parser_spec" name="Apricity::Pipeline::Parser parses pipeline with action definitions parses action use in job" file="./spec/apricity/pipeline/parser_spec.rb" time="0.000319"></testcase>
<testcase classname="spec.apricity.pipeline.parser_spec" name="Apricity::Pipeline::Parser parses pipeline with action definitions parses action options in job" file="./spec/apricity/pipeline/parser_spec.rb" time="0.000248"></testcase>
<testcase classname="spec.apricity.pipeline.runner_artifacts_spec" name="Apricity::Pipeline::Runner downstream job can read files produced by an upstream job via an artifact directory allows downstream jobs to read files from upstream jobs&apos; artifact directories" file="./spec/apricity/pipeline/runner_artifacts_spec.rb" time="1.467381"></testcase>
<testcase classname="spec.apricity.pipeline.runner_dependencies_spec" name="Apricity::Pipeline::Runner pipeline with dependencies orders jobs by artifact dependencies, not declaration order" file="./spec/apricity/pipeline/runner_dependencies_spec.rb" time="1.270794"></testcase>
<testcase classname="spec.apricity.pipeline.runner_dependencies_spec" name="Apricity::Pipeline::Runner pipeline with dependencies behaves like a successful pipeline has outcomes for all steps" file="./spec/apricity/pipeline/runner_dependencies_spec.rb" time="1.287709"></testcase>
<testcase classname="spec.apricity.pipeline.runner_dependencies_spec" name="Apricity::Pipeline::Runner pipeline with dependencies behaves like a successful pipeline completes all steps successfully" file="./spec/apricity/pipeline/runner_dependencies_spec.rb" time="1.274638"></testcase>
<testcase classname="spec.apricity.pipeline.runner_dependencies_spec" name="Apricity::Pipeline::Runner pipeline with dependencies behaves like a successful pipeline has an outcome for each step in the pipeline" file="./spec/apricity/pipeline/runner_dependencies_spec.rb" time="1.275916"></testcase>
<testcase classname="spec.apricity.pipeline.runner_echo_spec" name="Apricity::Pipeline::Runner echo pipeline captures simple echo output" file="./spec/apricity/pipeline/runner_echo_spec.rb" time="0.609531"></testcase>
<testcase classname="spec.apricity.pipeline.runner_echo_spec" name="Apricity::Pipeline::Runner echo pipeline behaves like a successful pipeline has outcomes for all steps" file="./spec/apricity/pipeline/runner_echo_spec.rb" time="0.659255"></testcase>
<testcase classname="spec.apricity.pipeline.runner_echo_spec" name="Apricity::Pipeline::Runner echo pipeline behaves like a successful pipeline completes all steps successfully" file="./spec/apricity/pipeline/runner_echo_spec.rb" time="0.644746"></testcase>
<testcase classname="spec.apricity.pipeline.runner_echo_spec" name="Apricity::Pipeline::Runner echo pipeline behaves like a successful pipeline has an outcome for each step in the pipeline" file="./spec/apricity/pipeline/runner_echo_spec.rb" time="0.614705"></testcase>
<testcase classname="spec.apricity.pipeline.runner_failing_spec" name="Apricity::Pipeline::Runner failing pipeline captures failure of a command" file="./spec/apricity/pipeline/runner_failing_spec.rb" time="0.607701"></testcase>
<testcase classname="spec.apricity.pipeline.runner_failing_spec" name="Apricity::Pipeline::Runner failing pipeline reports the failure in the outcome message" file="./spec/apricity/pipeline/runner_failing_spec.rb" time="0.602227"></testcase>
<testcase classname="spec.apricity.pipeline.runner_fan_spec" name="Apricity::Pipeline::Runner fan-out/fan-in pipeline orders jobs correctly for fan-out/fan-in scenario" file="./spec/apricity/pipeline/runner_fan_spec.rb" time="2.770531"></testcase>
<testcase classname="spec.apricity.pipeline.runner_fan_spec" name="Apricity::Pipeline::Runner fan-out/fan-in pipeline behaves like a successful pipeline has outcomes for all steps" file="./spec/apricity/pipeline/runner_fan_spec.rb" time="2.786026"></testcase>
<testcase classname="spec.apricity.pipeline.runner_fan_spec" name="Apricity::Pipeline::Runner fan-out/fan-in pipeline behaves like a successful pipeline completes all steps successfully" file="./spec/apricity/pipeline/runner_fan_spec.rb" time="2.771703"></testcase>
<testcase classname="spec.apricity.pipeline.runner_fan_spec" name="Apricity::Pipeline::Runner fan-out/fan-in pipeline behaves like a successful pipeline has an outcome for each step in the pipeline" file="./spec/apricity/pipeline/runner_fan_spec.rb" time="2.660979"></testcase>
<testcase classname="spec.apricity.pipeline.runner_missing_outputs_spec" name="Apricity::Pipeline::Runner pipeline with missing required outputs fails the job" file="./spec/apricity/pipeline/runner_missing_outputs_spec.rb" time="0.630018"></testcase>
<testcase classname="spec.apricity.pipeline.runner_missing_outputs_spec" name="Apricity::Pipeline::Runner pipeline with missing required outputs reports the missing output in the message" file="./spec/apricity/pipeline/runner_missing_outputs_spec.rb" time="0.673046"></testcase>
<testcase classname="spec.apricity.pipeline.runner_needs_spec" name="Apricity::Pipeline::Runner can force run dependency with needs even if no input/output declared runs jobs in the correct order based on needs" file="./spec/apricity/pipeline/runner_needs_spec.rb" time="1.329048"></testcase>
<testcase classname="spec.apricity.pipeline.runner_partial_execution_spec" name="Apricity::Pipeline::Runner partial pipeline execution runs jobs in the correct order based on dependencies" file="./spec/apricity/pipeline/runner_partial_execution_spec.rb" time="0.771119"></testcase>
<testcase classname="spec.apricity.pipeline.runner_partial_execution_spec" name="Apricity::Pipeline::Runner partial pipeline execution fails the first test job" file="./spec/apricity/pipeline/runner_partial_execution_spec.rb" time="0.775098"></testcase>
<testcase classname="spec.apricity.pipeline.runner_partial_execution_spec" name="Apricity::Pipeline::Runner partial pipeline execution succeeds the second test job" file="./spec/apricity/pipeline/runner_partial_execution_spec.rb" time="0.749064"></testcase>
<testcase classname="spec.apricity.pipeline.runner_partial_execution_spec" name="Apricity::Pipeline::Runner partial pipeline execution does not run dependent jobs if conditions are not met" file="./spec/apricity/pipeline/runner_partial_execution_spec.rb" time="0.668254"></testcase>
<testcase classname="spec.apricity.pipeline.runner_simple_spec" name="Apricity::Pipeline::Runner simple pipeline uses the correct container name" file="./spec/apricity/pipeline/runner_simple_spec.rb" time="0.699383"></testcase>
<testcase classname="spec.apricity.pipeline.runner_simple_spec" name="Apricity::Pipeline::Runner simple pipeline uses the correct container version" file="./spec/apricity/pipeline/runner_simple_spec.rb" time="0.718531"></testcase>
<testcase classname="spec.apricity.pipeline.runner_simple_spec" name="Apricity::Pipeline::Runner simple pipeline has expected script" file="./spec/apricity/pipeline/runner_simple_spec.rb" time="0.731010"></testcase>
<testcase classname="spec.apricity.pipeline.runner_simple_spec" name="Apricity::Pipeline::Runner simple pipeline executes scripts in the given container" file="./spec/apricity/pipeline/runner_simple_spec.rb" time="0.680337"></testcase>
<testcase classname="spec.apricity.pipeline.runner_simple_spec" name="Apricity::Pipeline::Runner simple pipeline behaves like a successful pipeline has outcomes for all steps" file="./spec/apricity/pipeline/runner_simple_spec.rb" time="0.682652"></testcase>
<testcase classname="spec.apricity.pipeline.runner_simple_spec" name="Apricity::Pipeline::Runner simple pipeline behaves like a successful pipeline completes all steps successfully" file="./spec/apricity/pipeline/runner_simple_spec.rb" time="0.648696"></testcase>
<testcase classname="spec.apricity.pipeline.runner_simple_spec" name="Apricity::Pipeline::Runner simple pipeline behaves like a successful pipeline has an outcome for each step in the pipeline" file="./spec/apricity/pipeline/runner_simple_spec.rb" time="0.684303"></testcase>
<testcase classname="spec.apricity.pipeline.runner_steps_share_container_spec" name="Apricity::Pipeline::Runner steps share container allows steps to share state via the container filesystem" file="./spec/apricity/pipeline/runner_steps_share_container_spec.rb" time="0.759382"></testcase>
<testcase classname="spec.apricity.pipeline.runner_steps_share_container_spec" name="Apricity::Pipeline::Runner steps share container behaves like a successful pipeline has outcomes for all steps" file="./spec/apricity/pipeline/runner_steps_share_container_spec.rb" time="0.789837"></testcase>
<testcase classname="spec.apricity.pipeline.runner_steps_share_container_spec" name="Apricity::Pipeline::Runner steps share container behaves like a successful pipeline completes all steps successfully" file="./spec/apricity/pipeline/runner_steps_share_container_spec.rb" time="0.800105"></testcase>
<testcase classname="spec.apricity.pipeline.runner_steps_share_container_spec" name="Apricity::Pipeline::Runner steps share container behaves like a successful pipeline has an outcome for each step in the pipeline" file="./spec/apricity/pipeline/runner_steps_share_container_spec.rb" time="0.781872"></testcase>
<testcase classname="spec.apricity.pipeline.runner_unmet_conditions_spec" name="Apricity::Pipeline::Runner pipeline with unmet conditions has expected job order" file="./spec/apricity/pipeline/runner_unmet_conditions_spec.rb" time="0.646185"></testcase>
<testcase classname="spec.apricity.pipeline.runner_unmet_conditions_spec" name="Apricity::Pipeline::Runner pipeline with unmet conditions build is successful" file="./spec/apricity/pipeline/runner_unmet_conditions_spec.rb" time="0.612974"></testcase>
<testcase classname="spec.apricity.pipeline.runner_unmet_conditions_spec" name="Apricity::Pipeline::Runner pipeline with unmet conditions deploy is skipped" file="./spec/apricity/pipeline/runner_unmet_conditions_spec.rb" time="0.637709"></testcase>
<testcase classname="spec.apricity.pipeline.runner_unmet_conditions_spec" name="Apricity::Pipeline::Runner pipeline with unmet conditions reports the unmet condition in the message" file="./spec/apricity/pipeline/runner_unmet_conditions_spec.rb" time="0.637833"></testcase>
<testcase classname="spec.apricity.pipeline.runner_value_outputs_spec" name="Apricity::Pipeline::Runner pipeline with value outputs and conditions passes a value output from one job to another" file="./spec/apricity/pipeline/runner_value_outputs_spec.rb" time="1.257035"></testcase>
<testcase classname="spec.apricity.pipeline.runner_value_outputs_spec" name="Apricity::Pipeline::Runner pipeline with value outputs and conditions behaves like a successful pipeline has outcomes for all steps" file="./spec/apricity/pipeline/runner_value_outputs_spec.rb" time="1.311517"></testcase>
<testcase classname="spec.apricity.pipeline.runner_value_outputs_spec" name="Apricity::Pipeline::Runner pipeline with value outputs and conditions behaves like a successful pipeline completes all steps successfully" file="./spec/apricity/pipeline/runner_value_outputs_spec.rb" time="1.246883"></testcase>
<testcase classname="spec.apricity.pipeline.runner_value_outputs_spec" name="Apricity::Pipeline::Runner pipeline with value outputs and conditions behaves like a successful pipeline has an outcome for each step in the pipeline" file="./spec/apricity/pipeline/runner_value_outputs_spec.rb" time="1.312263"></testcase>
<testcase classname="spec.apricity.plugins.junit_reporter_spec" name="Apricity::Plugins::JUnitReporter attaches JUnitReporter plugin to test job" file="./spec/apricity/plugins/junit_reporter_spec.rb" time="0.001679"></testcase>
<testcase classname="spec.apricity.plugins.junit_reporter_spec" name="Apricity::Plugins::JUnitReporter can dereference JUnitReporter plugin fetches the correct plugin name" file="./spec/apricity/plugins/junit_reporter_spec.rb" time="0.000488"></testcase>
<testcase classname="spec.apricity.plugins.junit_reporter_spec" name="Apricity::Plugins::JUnitReporter can dereference JUnitReporter plugin fetches the correct plugin org" file="./spec/apricity/plugins/junit_reporter_spec.rb" time="0.000464"></testcase>
<testcase classname="spec.apricity.plugins.junit_reporter_spec" name="Apricity::Plugins::JUnitReporter can dereference JUnitReporter plugin fetches the correct plugin version" file="./spec/apricity/plugins/junit_reporter_spec.rb" time="0.000473"></testcase>
<testcase classname="spec.apricity.plugins.junit_reporter_spec" name="Apricity::Plugins::JUnitReporter executes JUnitReporter plugin runs after_job hook without errors" file="./spec/apricity/plugins/junit_reporter_spec.rb" time="0.000008"><skipped/></testcase>
</testsuite>
